2024-06-09 14:06:38,737 - root - INFO - Started tracking!
2024-06-09 14:06:59,568 - root - INFO - Tracking person ID 1.0
2024-06-09 14:07:00,114 - root - INFO - Tracking person ID 1.0
2024-06-09 14:07:00,643 - root - INFO - Tracking person ID 1.0
2024-06-09 14:07:01,122 - root - INFO - Tracking person ID 1.0
2024-06-09 14:07:01,640 - root - INFO - Tracking person ID 1.0
2024-06-09 14:07:02,145 - root - INFO - Tracking person ID 1.0
2024-06-09 14:07:02,714 - root - INFO - Tracking person ID 1.0
2024-06-09 14:07:03,201 - root - INFO - Tracking person ID 1.0
2024-06-09 14:07:03,688 - root - INFO - Tracking person ID 1.0
2024-06-09 14:07:04,174 - root - INFO - Tracking person ID 1.0
2024-06-09 14:07:04,663 - root - INFO - Tracking person ID 1.0
2024-06-09 14:07:05,126 - root - INFO - Tracking person ID 1.0
2024-06-09 14:07:05,628 - root - INFO - Tracking person ID 1.0
2024-06-09 14:07:06,097 - root - INFO - Tracking person ID 1.0
2024-06-09 14:07:06,607 - root - INFO - Tracking person ID 1.0
2024-06-09 14:07:07,115 - root - INFO - Tracking person ID 1.0
2024-06-09 14:07:07,624 - root - INFO - Tracking person ID 1.0
2024-06-09 14:07:08,117 - root - INFO - Tracking person ID 1.0
2024-06-09 14:07:08,604 - root - INFO - Tracking person ID 1.0
2024-06-09 14:07:09,078 - root - INFO - Tracking person ID 1.0
2024-06-09 14:07:09,565 - root - INFO - Tracking person ID 1.0
2024-06-09 14:07:10,070 - root - INFO - Tracking person ID 1.0
2024-06-09 14:07:10,715 - root - INFO - Tracking person ID 1.0
2024-06-09 14:07:11,195 - root - INFO - Tracking bird ID 1.0
2024-06-09 14:07:11,691 - root - INFO - Tracking person ID 1.0
2024-06-09 14:07:12,148 - root - INFO - Tracking person ID 1.0
2024-06-09 14:07:12,650 - root - INFO - Tracking person ID 1.0
2024-06-09 14:07:13,099 - root - INFO - Tracking person ID 1.0
2024-06-09 14:07:13,612 - root - INFO - Tracking person ID 1.0
2024-06-09 14:07:14,116 - root - INFO - Tracking person ID 1.0
2024-06-09 14:07:14,605 - root - INFO - Tracking person ID 1.0
2024-06-09 14:07:15,094 - root - INFO - Tracking person ID 1.0
2024-06-09 14:07:15,555 - root - INFO - Tracking person ID 1.0
2024-06-09 14:07:16,027 - root - INFO - Tracking person ID 1.0
2024-06-09 14:07:16,518 - root - INFO - Tracking person ID 1.0
2024-06-09 14:07:16,982 - root - INFO - Tracking person ID 1.0
2024-06-09 14:07:17,441 - root - INFO - Tracking person ID 1.0
2024-06-09 14:07:17,914 - root - INFO - Tracking person ID 1.0
2024-06-09 14:07:18,398 - root - INFO - Tracking person ID 1.0
2024-06-09 14:07:18,883 - root - INFO - Tracking person ID 1.0
2024-06-09 14:07:19,374 - root - INFO - Tracking person ID 1.0
2024-06-09 14:07:19,856 - root - INFO - Tracking person ID 1.0
2024-06-09 14:07:20,289 - root - INFO - Tracking person ID 1.0
2024-06-09 14:07:20,748 - root - INFO - Tracking person ID 1.0
2024-06-09 14:07:21,214 - root - INFO - Tracking person ID 1.0
2024-06-09 14:07:21,697 - root - INFO - Tracking person ID 1.0
2024-06-09 14:07:22,200 - root - INFO - Tracking person ID 1.0
2024-06-09 14:07:22,693 - root - INFO - Tracking person ID 1.0
2024-06-09 14:07:23,199 - root - INFO - Tracking person ID 1.0
2024-06-09 14:07:23,719 - root - INFO - Tracking person ID 1.0
2024-06-09 14:07:24,173 - root - INFO - Tracking person ID 1.0
2024-06-09 14:07:24,639 - root - INFO - Tracking person ID 1.0
2024-06-09 14:07:25,141 - root - INFO - Tracking person ID 1.0
2024-06-09 14:07:25,712 - root - INFO - Tracking person ID 1.0
2024-06-09 14:07:26,242 - root - INFO - Tracking person ID 1.0
2024-06-09 14:07:26,887 - root - INFO - Tracking person ID 1.0
2024-06-09 14:07:27,506 - root - INFO - Tracking person ID 1.0
2024-06-09 14:07:28,250 - root - INFO - Tracking person ID 1.0
2024-06-09 14:07:29,254 - root - INFO - Tracking person ID 1.0
2024-06-09 14:07:30,236 - root - INFO - Tracking person ID 1.0
2024-06-09 14:07:31,216 - root - INFO - Tracking person ID 1.0
2024-06-09 14:07:32,203 - root - INFO - Tracking person ID 1.0
2024-06-09 14:07:32,859 - root - INFO - Tracking person ID 1.0
2024-06-09 14:07:33,346 - root - INFO - Tracking person ID 1.0
2024-06-09 14:07:33,868 - root - INFO - Tracking person ID 1.0
2024-06-09 14:07:34,337 - root - INFO - Tracking person ID 1.0
2024-06-09 14:07:34,809 - root - INFO - Tracking person ID 1.0
2024-06-09 14:07:35,294 - root - INFO - Tracking person ID 1.0
2024-06-09 14:07:36,069 - root - INFO - Tracking person ID 1.0
2024-06-09 14:07:37,128 - root - INFO - Tracking person ID 1.0
2024-06-09 14:07:37,825 - root - INFO - Tracking person ID 1.0
2024-06-09 14:07:38,434 - root - INFO - Tracking person ID 1.0
2024-06-09 14:07:39,060 - root - INFO - Tracking person ID 1.0
2024-06-09 14:07:39,669 - root - INFO - Tracking person ID 1.0
2024-06-09 14:07:40,340 - root - INFO - Tracking person ID 1.0
2024-06-09 14:07:41,303 - root - INFO - Tracking person ID 1.0
2024-06-09 14:07:42,292 - root - INFO - Tracking person ID 1.0
2024-06-09 14:07:43,243 - root - INFO - Tracking person ID 1.0
2024-06-09 14:07:44,227 - root - INFO - Tracking person ID 1.0
2024-06-09 14:07:45,257 - root - INFO - Tracking person ID 1.0
2024-06-09 14:07:46,157 - root - INFO - Tracking person ID 1.0
2024-06-09 14:07:47,026 - root - INFO - Tracking person ID 1.0
2024-06-09 14:07:47,855 - root - INFO - Tracking person ID 1.0
2024-06-09 14:07:48,505 - root - INFO - Tracking person ID 1.0
2024-06-09 14:07:49,171 - root - INFO - Tracking person ID 1.0
2024-06-09 14:07:49,952 - root - INFO - Tracking person ID 1.0
2024-06-09 14:07:50,786 - root - INFO - Tracking person ID 1.0
2024-06-09 14:07:51,756 - root - INFO - Tracking person ID 1.0
2024-06-09 14:07:52,675 - root - INFO - Tracking person ID 1.0
2024-06-09 14:07:53,646 - root - INFO - Tracking person ID 1.0
2024-06-09 14:07:54,506 - root - INFO - Tracking person ID 1.0
2024-06-09 14:07:55,357 - root - INFO - Tracking person ID 1.0
2024-06-09 14:07:56,166 - root - INFO - Tracking person ID 1.0
2024-06-09 14:07:57,081 - root - INFO - Tracking person ID 1.0
2024-06-09 14:07:58,040 - root - INFO - Tracking person ID 1.0
2024-06-09 14:07:58,952 - root - INFO - Tracking person ID 1.0
2024-06-09 14:07:59,894 - root - INFO - Tracking person ID 1.0
2024-06-09 14:08:00,833 - root - INFO - Tracking person ID 1.0
2024-06-09 14:08:01,824 - root - INFO - Tracking person ID 1.0
2024-06-09 14:08:02,759 - root - INFO - Tracking person ID 1.0
2024-06-09 14:08:03,859 - root - INFO - Tracking person ID 1.0
2024-06-09 14:08:05,106 - root - INFO - Tracking person ID 1.0
2024-06-09 14:08:06,124 - root - INFO - Tracking person ID 1.0
2024-06-09 14:08:07,139 - root - INFO - Tracking person ID 1.0
2024-06-09 14:08:08,237 - root - INFO - Tracking person ID 1.0
2024-06-09 14:08:09,226 - root - INFO - Tracking person ID 1.0
2024-06-09 14:08:10,199 - root - INFO - Tracking person ID 1.0
2024-06-09 14:08:11,219 - root - INFO - Tracking person ID 1.0
2024-06-09 14:08:12,227 - root - INFO - Tracking person ID 1.0
2024-06-09 14:08:12,894 - root - INFO - Tracking person ID 1.0
2024-06-09 14:08:13,385 - root - INFO - Tracking person ID 1.0
2024-06-09 14:08:13,930 - root - INFO - Tracking person ID 1.0
2024-06-09 14:08:14,452 - root - INFO - Tracking person ID 1.0
2024-06-09 14:08:14,916 - root - INFO - Tracking person ID 1.0
2024-06-09 14:08:15,417 - root - INFO - Tracking person ID 1.0
2024-06-09 14:08:15,912 - root - INFO - Tracking person ID 1.0
2024-06-09 14:08:16,397 - root - INFO - Tracking person ID 1.0
2024-06-09 14:08:16,853 - root - INFO - Tracking person ID 1.0
2024-06-09 14:08:17,316 - root - INFO - Tracking dog ID 1.0
2024-06-09 14:08:17,804 - root - INFO - Tracking person ID 1.0
2024-06-09 14:08:18,313 - root - INFO - Tracking person ID 1.0
2024-06-09 14:08:18,780 - root - INFO - Tracking person ID 1.0
2024-06-09 14:08:19,232 - root - INFO - Tracking person ID 1.0
2024-06-09 14:08:19,679 - root - INFO - Tracking person ID 1.0
2024-06-09 14:08:20,152 - root - INFO - Tracking person ID 1.0
2024-06-09 14:08:20,617 - root - INFO - Tracking person ID 1.0
2024-06-09 14:08:21,094 - root - INFO - Tracking person ID 1.0
2024-06-09 14:08:21,543 - root - INFO - Tracking person ID 1.0
2024-06-09 14:08:22,120 - root - INFO - Tracking person ID 1.0
2024-06-09 14:08:22,563 - root - INFO - Tracking person ID 1.0
2024-06-09 14:08:23,016 - root - INFO - Tracking person ID 1.0
2024-06-09 14:08:23,471 - root - INFO - Tracking person ID 1.0
2024-06-09 14:08:23,930 - root - INFO - Tracking person ID 1.0
2024-06-09 14:08:24,895 - root - INFO - Tracking person ID 1.0
2024-06-09 14:08:25,391 - root - INFO - Tracking person ID 1.0
2024-06-09 14:08:25,868 - root - INFO - Tracking person ID 1.0
2024-06-09 14:08:26,300 - root - INFO - Tracking person ID 1.0
2024-06-09 14:08:26,754 - root - INFO - Tracking person ID 1.0
2024-06-09 14:08:27,193 - root - INFO - Tracking person ID 1.0
2024-06-09 14:08:27,681 - root - INFO - Tracking person ID 1.0
2024-06-09 14:08:28,172 - root - INFO - Tracking person ID 1.0
2024-06-09 14:08:28,606 - root - INFO - Tracking person ID 1.0
2024-06-09 14:08:29,059 - root - INFO - Tracking person ID 1.0
2024-06-09 14:08:29,525 - root - INFO - Tracking person ID 1.0
2024-06-09 14:08:29,986 - root - INFO - Tracking person ID 1.0
2024-06-09 14:08:30,934 - root - INFO - Tracking person ID 1.0
2024-06-09 14:08:31,408 - root - INFO - Tracking person ID 1.0
2024-06-09 14:08:31,846 - root - INFO - Tracking person ID 1.0
2024-06-09 14:08:32,347 - root - INFO - Tracking person ID 1.0
2024-06-09 14:08:32,803 - root - INFO - Tracking person ID 1.0
2024-06-09 14:08:33,298 - root - INFO - Tracking person ID 1.0
2024-06-09 14:08:33,749 - root - INFO - Tracking person ID 1.0
2024-06-09 14:08:34,229 - root - INFO - Tracking person ID 1.0
2024-06-09 14:08:34,685 - root - INFO - Tracking person ID 1.0
2024-06-09 14:08:35,266 - root - INFO - Tracking person ID 1.0
2024-06-09 14:08:35,751 - root - INFO - Tracking person ID 1.0
2024-06-09 14:08:36,197 - root - INFO - Tracking person ID 1.0
2024-06-09 14:08:36,648 - root - INFO - Tracking person ID 1.0
2024-06-09 14:08:37,108 - root - INFO - Tracking person ID 1.0
2024-06-09 14:08:37,611 - root - INFO - Tracking person ID 1.0
2024-06-09 14:08:38,086 - root - INFO - Tracking person ID 1.0
2024-06-09 14:08:38,536 - root - INFO - Tracking person ID 1.0
2024-06-09 14:08:38,990 - root - INFO - Tracking person ID 1.0
2024-06-09 14:08:39,443 - root - INFO - Tracking person ID 1.0
2024-06-09 14:08:39,883 - root - INFO - Tracking person ID 1.0
2024-06-09 14:08:40,334 - root - INFO - Tracking person ID 1.0
2024-06-09 14:08:40,815 - root - INFO - Tracking person ID 1.0
2024-06-09 14:08:41,275 - root - INFO - Tracking person ID 1.0
2024-06-09 14:08:41,772 - root - INFO - Tracking person ID 1.0
2024-06-09 14:08:42,234 - root - INFO - Tracking person ID 1.0
2024-06-09 14:08:42,690 - root - INFO - Tracking person ID 1.0
2024-06-09 14:08:43,167 - root - INFO - Tracking person ID 1.0
2024-06-09 14:08:43,625 - root - INFO - Tracking person ID 1.0
2024-06-09 14:08:44,077 - root - INFO - Tracking person ID 1.0
2024-06-09 14:08:44,544 - root - INFO - Tracking person ID 1.0
2024-06-09 14:08:45,003 - root - INFO - Tracking person ID 1.0
2024-06-09 14:08:45,455 - root - INFO - Tracking person ID 1.0
2024-06-09 14:08:45,929 - root - INFO - Tracking person ID 1.0
2024-06-09 14:08:46,373 - root - INFO - Tracking person ID 1.0
2024-06-09 14:08:46,821 - root - INFO - Tracking person ID 1.0
2024-06-09 14:08:47,256 - root - INFO - Tracking person ID 1.0
2024-06-09 14:08:47,735 - root - INFO - Tracking person ID 1.0
2024-06-09 14:08:48,212 - root - INFO - Tracking person ID 1.0
2024-06-09 14:08:48,787 - root - INFO - Tracking person ID 1.0
2024-06-09 14:08:49,241 - root - INFO - Tracking person ID 1.0
2024-06-09 14:08:49,669 - root - INFO - Tracking person ID 1.0
2024-06-09 14:08:50,138 - root - INFO - Tracking person ID 1.0
2024-06-09 14:08:50,617 - root - INFO - Tracking person ID 1.0
2024-06-09 14:08:51,066 - root - INFO - Tracking person ID 1.0
2024-06-09 14:08:51,517 - root - INFO - Tracking person ID 1.0
2024-06-09 14:08:51,965 - root - INFO - Tracking person ID 1.0
2024-06-09 14:08:52,439 - root - INFO - Tracking person ID 1.0
2024-06-09 14:08:52,923 - root - INFO - Tracking person ID 1.0
2024-06-09 14:08:53,385 - root - INFO - Tracking person ID 1.0
2024-06-09 14:08:53,838 - root - INFO - Tracking person ID 1.0
2024-06-09 14:08:54,289 - root - INFO - Tracking person ID 1.0
2024-06-09 14:08:54,765 - root - INFO - Tracking person ID 1.0
2024-06-09 14:08:55,225 - root - INFO - Tracking person ID 1.0
2024-06-09 14:08:55,686 - root - INFO - Tracking person ID 1.0
2024-06-09 14:08:56,157 - root - INFO - Tracking person ID 1.0
2024-06-09 14:08:56,626 - root - INFO - Tracking person ID 1.0
2024-06-09 14:08:57,073 - root - INFO - Tracking person ID 1.0
2024-06-09 14:08:57,540 - root - INFO - Tracking person ID 1.0
2024-06-09 14:08:57,962 - root - INFO - Tracking person ID 1.0
2024-06-09 14:08:58,441 - root - INFO - Tracking person ID 1.0
2024-06-09 14:08:58,912 - root - INFO - Tracking person ID 1.0
2024-06-09 14:08:59,378 - root - INFO - Tracking person ID 1.0
2024-06-09 14:08:59,831 - root - INFO - Tracking person ID 1.0
2024-06-09 14:09:00,324 - root - INFO - Tracking person ID 1.0
2024-06-09 14:09:00,791 - root - INFO - Tracking person ID 1.0
2024-06-09 14:09:01,365 - root - INFO - Tracking person ID 1.0
2024-06-09 14:09:01,853 - root - INFO - Tracking person ID 1.0
2024-06-09 14:09:02,307 - root - INFO - Tracking person ID 1.0
2024-06-09 14:09:02,820 - root - INFO - Tracking person ID 1.0
2024-06-09 14:09:03,731 - root - INFO - Tracking person ID 1.0
2024-06-09 14:09:04,573 - root - INFO - Tracking person ID 1.0
2024-06-09 14:09:05,686 - root - INFO - Tracking person ID 1.0
2024-06-09 14:09:06,819 - root - INFO - Tracking person ID 1.0
2024-06-09 14:09:07,821 - root - INFO - Tracking person ID 1.0
2024-06-09 14:09:08,868 - root - INFO - Tracking person ID 1.0
2024-06-09 14:09:09,896 - root - INFO - Tracking person ID 1.0
2024-06-09 14:09:10,832 - root - INFO - Tracking person ID 1.0
2024-06-09 14:09:11,832 - root - INFO - Tracking person ID 1.0
2024-06-09 14:09:12,903 - root - INFO - Tracking person ID 1.0
2024-06-09 14:09:13,984 - root - INFO - Tracking person ID 1.0
2024-06-09 14:09:15,060 - root - INFO - Tracking person ID 1.0
2024-06-09 14:09:16,215 - root - INFO - Tracking person ID 1.0
2024-06-09 14:09:17,339 - root - INFO - Tracking person ID 1.0
2024-06-09 14:09:18,489 - root - INFO - Tracking person ID 1.0
2024-06-09 14:09:19,607 - root - INFO - Tracking person ID 1.0
2024-06-09 14:09:20,641 - root - INFO - Tracking person ID 1.0
2024-06-09 14:09:21,717 - root - INFO - Tracking person ID 1.0
2024-06-09 14:09:22,697 - root - INFO - Tracking person ID 1.0
2024-06-09 14:09:23,741 - root - INFO - Tracking person ID 1.0
2024-06-09 14:09:24,758 - root - INFO - Tracking person ID 1.0
2024-06-09 14:09:25,952 - root - INFO - Tracking person ID 1.0
2024-06-09 14:09:26,807 - root - INFO - Tracking person ID 1.0
2024-06-09 14:09:27,373 - root - INFO - Tracking person ID 1.0
2024-06-09 14:09:27,832 - root - INFO - Tracking person ID 1.0
2024-06-09 14:09:28,345 - root - INFO - Tracking person ID 1.0
2024-06-09 14:09:28,781 - root - INFO - Tracking person ID 1.0
2024-06-09 14:09:29,220 - root - INFO - Tracking person ID 1.0
2024-06-09 14:09:29,812 - root - INFO - Tracking person ID 1.0
2024-06-09 14:09:30,821 - root - INFO - Tracking person ID 1.0
2024-06-09 14:09:31,857 - root - INFO - Tracking person ID 1.0
2024-06-09 14:09:32,837 - root - INFO - Tracking person ID 1.0
2024-06-09 14:09:33,750 - root - INFO - Tracking person ID 1.0
2024-06-09 14:09:34,423 - root - INFO - Tracking person ID 1.0
2024-06-09 14:09:35,130 - root - INFO - Tracking person ID 1.0
2024-06-09 14:09:35,957 - root - INFO - Tracking person ID 1.0
2024-06-09 14:09:36,857 - root - INFO - Tracking person ID 1.0
2024-06-09 14:09:37,680 - root - INFO - Tracking person ID 1.0
2024-06-09 14:09:38,551 - root - INFO - Tracking person ID 1.0
2024-06-09 14:09:39,475 - root - INFO - Tracking person ID 1.0
2024-06-09 14:09:40,537 - root - INFO - Tracking person ID 1.0
2024-06-09 14:09:41,531 - root - INFO - Tracking person ID 1.0
2024-06-09 14:09:42,532 - root - INFO - Tracking person ID 1.0
2024-06-09 14:09:43,651 - root - INFO - Tracking person ID 1.0
2024-06-09 14:09:44,696 - root - INFO - Tracking person ID 1.0
2024-06-09 14:09:45,790 - root - INFO - Tracking person ID 1.0
2024-06-09 14:09:46,723 - root - INFO - Tracking person ID 1.0
2024-06-09 14:09:47,436 - root - INFO - Tracking person ID 1.0
2024-06-09 14:09:48,184 - root - INFO - Tracking person ID 1.0
2024-06-09 14:09:49,037 - root - INFO - Tracking person ID 1.0
2024-06-09 14:09:49,982 - root - INFO - Tracking person ID 1.0
2024-06-09 14:09:50,910 - root - INFO - Tracking person ID 1.0
2024-06-09 14:09:51,685 - root - INFO - Tracking person ID 1.0
2024-06-09 14:09:52,377 - root - INFO - Tracking person ID 1.0
2024-06-09 14:09:53,388 - root - INFO - Tracking person ID 1.0
2024-06-09 14:09:54,355 - root - INFO - Tracking person ID 1.0
2024-06-09 14:09:55,152 - root - INFO - Tracking person ID 1.0
2024-06-09 14:09:55,620 - root - INFO - Tracking person ID 1.0
2024-06-09 14:09:56,083 - root - INFO - Tracking person ID 1.0
2024-06-09 14:09:56,601 - root - INFO - Tracking person ID 1.0
2024-06-09 14:09:57,060 - root - INFO - Tracking person ID 1.0
2024-06-09 14:09:57,529 - root - INFO - Tracking person ID 1.0
2024-06-09 14:09:57,986 - root - INFO - Tracking person ID 1.0
2024-06-09 14:09:59,021 - root - INFO - Tracking person ID 1.0
2024-06-09 14:10:00,028 - root - INFO - Tracking person ID 1.0
2024-06-09 14:10:00,653 - root - INFO - Tracking person ID 1.0
2024-06-09 14:10:01,117 - root - INFO - Tracking person ID 1.0
2024-06-09 14:10:01,591 - root - INFO - Tracking person ID 1.0
2024-06-09 14:10:02,076 - root - INFO - Tracking person ID 1.0
2024-06-09 14:10:02,534 - root - INFO - Tracking person ID 1.0
2024-06-09 14:10:02,997 - root - INFO - Tracking person ID 1.0
2024-06-09 14:10:03,636 - root - INFO - Tracking umbrella ID 1.0
2024-06-09 14:10:18,919 - root - INFO - Tracking person ID 1.0
2024-06-09 14:10:19,354 - root - INFO - Tracking person ID 1.0
2024-06-09 14:10:19,819 - root - INFO - Tracking person ID 1.0
2024-06-09 14:10:20,275 - root - INFO - Tracking person ID 1.0
2024-06-09 14:10:21,337 - root - INFO - Tracking person ID 1.0
2024-06-09 14:10:22,203 - root - INFO - Tracking person ID 1.0
2024-06-09 14:10:22,969 - root - INFO - Tracking person ID 1.0
2024-06-09 14:10:23,866 - root - INFO - Tracking person ID 1.0
2024-06-09 14:10:24,701 - root - INFO - Tracking person ID 1.0
2024-06-09 14:10:25,776 - root - INFO - Tracking person ID 1.0
2024-06-09 14:10:26,663 - root - INFO - Tracking person ID 1.0
2024-06-09 14:10:27,740 - root - INFO - Tracking person ID 1.0
2024-06-09 14:10:28,832 - root - INFO - Tracking person ID 1.0
2024-06-09 14:10:29,882 - root - INFO - Tracking person ID 1.0
2024-06-09 14:10:30,979 - root - INFO - Tracking person ID 1.0
2024-06-09 14:10:32,073 - root - INFO - Tracking person ID 1.0
2024-06-09 14:10:33,030 - root - INFO - Tracking person ID 1.0
2024-06-09 14:10:34,040 - root - INFO - Tracking person ID 1.0
2024-06-09 14:10:34,998 - root - INFO - Tracking person ID 1.0
2024-06-09 14:10:36,047 - root - INFO - Tracking person ID 1.0
2024-06-09 14:10:37,031 - root - INFO - Tracking person ID 1.0
2024-06-09 14:10:37,764 - root - INFO - Tracking person ID 1.0
2024-06-09 14:10:38,472 - root - INFO - Tracking person ID 1.0
2024-06-09 14:10:39,210 - root - INFO - Tracking person ID 1.0
2024-06-09 14:10:40,148 - root - INFO - Tracking person ID 1.0
2024-06-09 14:10:41,025 - root - INFO - Tracking person ID 1.0
2024-06-09 14:10:41,960 - root - INFO - Tracking person ID 1.0
2024-06-09 14:10:42,808 - root - INFO - Tracking person ID 1.0
2024-06-09 14:10:43,464 - root - INFO - Tracking person ID 1.0
2024-06-09 14:10:44,276 - root - INFO - Tracking person ID 1.0
2024-06-09 14:10:45,186 - root - INFO - Tracking person ID 1.0
2024-06-09 14:10:45,994 - root - INFO - Tracking person ID 1.0
2024-06-09 14:10:46,880 - root - INFO - Tracking person ID 1.0
2024-06-09 14:10:47,664 - root - INFO - Tracking person ID 1.0
2024-06-09 14:10:48,576 - root - INFO - Tracking person ID 1.0
2024-06-09 14:10:49,489 - root - INFO - Tracking person ID 1.0
2024-06-09 14:10:50,384 - root - INFO - Tracking person ID 1.0
2024-06-09 14:10:51,072 - root - INFO - Tracking person ID 1.0
2024-06-09 14:10:52,034 - root - INFO - Tracking person ID 1.0
2024-06-09 14:10:53,109 - root - INFO - Tracking person ID 1.0
2024-06-09 14:10:54,140 - root - INFO - Tracking person ID 1.0
2024-06-09 14:10:54,635 - root - INFO - Tracking person ID 1.0
2024-06-09 14:10:55,111 - root - INFO - Tracking person ID 1.0
2024-06-09 14:10:55,568 - root - INFO - Tracking person ID 1.0
2024-06-09 14:10:56,042 - root - INFO - Tracking person ID 1.0
2024-06-09 14:10:56,507 - root - INFO - Tracking person ID 1.0
2024-06-09 14:10:56,968 - root - INFO - Tracking person ID 1.0
2024-06-09 14:10:57,442 - root - INFO - Tracking person ID 1.0
2024-06-09 14:10:57,921 - root - INFO - Tracking person ID 1.0
2024-06-09 14:10:58,393 - root - INFO - Tracking person ID 1.0
2024-06-09 14:10:58,895 - root - INFO - Tracking person ID 1.0
2024-06-09 14:10:59,379 - root - INFO - Tracking person ID 1.0
2024-06-09 14:10:59,849 - root - INFO - Tracking person ID 1.0
2024-06-09 14:11:00,359 - root - INFO - Tracking person ID 1.0
2024-06-09 14:11:00,851 - root - INFO - Tracking person ID 1.0
2024-06-09 14:11:01,865 - root - INFO - Tracking person ID 1.0
2024-06-09 14:11:02,857 - root - INFO - Tracking person ID 1.0
2024-06-09 14:11:03,593 - root - INFO - Tracking person ID 1.0
2024-06-09 14:11:04,028 - root - INFO - Tracking person ID 1.0
2024-06-09 14:11:04,533 - root - INFO - Tracking person ID 1.0
2024-06-09 14:11:04,998 - root - INFO - Tracking person ID 1.0
2024-06-09 14:11:05,448 - root - INFO - Tracking person ID 1.0
2024-06-09 14:11:05,913 - root - INFO - Tracking person ID 1.0
2024-06-09 14:11:06,575 - root - INFO - Tracking person ID 1.0
2024-06-09 14:11:07,616 - root - INFO - Tracking person ID 1.0
2024-06-09 14:11:08,570 - root - INFO - Tracking person ID 1.0
2024-06-09 14:11:09,620 - root - INFO - Tracking person ID 1.0
2024-06-09 14:11:10,633 - root - INFO - Tracking person ID 1.0
2024-06-09 14:11:11,670 - root - INFO - Tracking person ID 1.0
2024-06-09 14:11:12,702 - root - INFO - Tracking person ID 1.0
2024-06-09 14:11:13,334 - root - INFO - Tracking person ID 1.0
2024-06-09 14:11:13,805 - root - INFO - Tracking person ID 1.0
2024-06-09 14:11:14,278 - root - INFO - Tracking person ID 1.0
2024-06-09 14:11:14,754 - root - INFO - Tracking person ID 1.0
2024-06-09 14:11:15,198 - root - INFO - Tracking person ID 1.0
2024-06-09 14:11:15,673 - root - INFO - Tracking person ID 1.0
2024-06-09 14:11:16,413 - root - INFO - Tracking person ID 1.0
2024-06-09 14:11:17,362 - root - INFO - Tracking person ID 1.0
2024-06-09 14:11:18,345 - root - INFO - Tracking person ID 1.0
2024-06-09 14:11:19,075 - root - INFO - Tracking person ID 1.0
2024-06-09 14:11:19,780 - root - INFO - Tracking person ID 1.0
2024-06-09 14:11:20,697 - root - INFO - Tracking person ID 1.0
2024-06-09 14:11:21,433 - root - INFO - Tracking person ID 1.0
2024-06-09 14:11:22,375 - root - INFO - Tracking person ID 1.0
2024-06-09 14:11:23,291 - root - INFO - Tracking person ID 1.0
2024-06-09 14:11:24,408 - root - INFO - Tracking person ID 1.0
2024-06-09 14:11:25,477 - root - INFO - Tracking person ID 1.0
2024-06-09 14:11:26,501 - root - INFO - Tracking person ID 1.0
2024-06-09 14:11:27,470 - root - INFO - Tracking person ID 1.0
2024-06-09 14:11:28,458 - root - INFO - Tracking person ID 1.0
2024-06-09 14:11:29,084 - root - INFO - Tracking person ID 1.0
2024-06-09 14:11:29,580 - root - INFO - Tracking person ID 1.0
2024-06-09 14:11:30,082 - root - INFO - Tracking person ID 1.0
2024-06-09 14:11:30,588 - root - INFO - Tracking person ID 1.0
2024-06-09 14:11:31,145 - root - INFO - Tracking person ID 1.0
2024-06-09 14:11:31,610 - root - INFO - Tracking person ID 1.0
2024-06-09 14:11:32,581 - root - INFO - Tracking person ID 1.0
2024-06-09 14:11:33,631 - root - INFO - Tracking person ID 1.0
2024-06-09 14:11:34,635 - root - INFO - Tracking person ID 1.0
2024-06-09 14:11:35,642 - root - INFO - Tracking person ID 1.0
2024-06-09 14:11:36,609 - root - INFO - Tracking person ID 1.0
2024-06-09 14:11:37,585 - root - INFO - Tracking person ID 1.0
2024-06-09 14:11:38,527 - root - INFO - Tracking person ID 1.0
2024-06-09 14:11:39,544 - root - INFO - Tracking person ID 1.0
2024-06-09 14:11:40,512 - root - INFO - Tracking person ID 1.0
2024-06-09 14:11:41,523 - root - INFO - Tracking person ID 1.0
2024-06-09 14:11:42,520 - root - INFO - Tracking person ID 1.0
2024-06-09 14:11:43,474 - root - INFO - Tracking person ID 1.0
2024-06-09 14:11:44,431 - root - INFO - Tracking person ID 1.0
2024-06-09 14:11:45,397 - root - INFO - Tracking person ID 1.0
2024-06-09 14:11:46,428 - root - INFO - Tracking person ID 1.0
2024-06-09 14:11:47,314 - root - INFO - Tracking person ID 1.0
2024-06-09 14:11:47,898 - root - INFO - Tracking person ID 1.0
2024-06-09 14:11:48,378 - root - INFO - Tracking person ID 1.0
2024-06-09 14:11:48,841 - root - INFO - Tracking person ID 1.0
2024-06-09 14:11:49,285 - root - INFO - Tracking person ID 1.0
2024-06-09 14:11:49,771 - root - INFO - Tracking person ID 1.0
2024-06-09 14:11:50,223 - root - INFO - Tracking person ID 1.0
2024-06-09 14:11:50,936 - root - INFO - Tracking person ID 1.0
2024-06-09 14:11:51,978 - root - INFO - Tracking person ID 1.0
2024-06-09 14:11:52,982 - root - INFO - Tracking person ID 1.0
2024-06-09 14:11:54,006 - root - INFO - Tracking person ID 1.0
2024-06-09 14:11:55,011 - root - INFO - Tracking person ID 1.0
2024-06-09 14:11:56,018 - root - INFO - Tracking person ID 1.0
2024-06-09 14:11:57,071 - root - INFO - Tracking person ID 1.0
2024-06-09 14:11:58,134 - root - INFO - Tracking person ID 1.0
2024-06-09 14:11:59,202 - root - INFO - Tracking person ID 1.0
2024-06-09 14:12:00,240 - root - INFO - Tracking person ID 1.0
2024-06-09 14:12:01,305 - root - INFO - Tracking person ID 1.0
2024-06-09 14:12:02,297 - root - INFO - Tracking person ID 1.0
2024-06-09 14:12:03,319 - root - INFO - Tracking person ID 1.0
2024-06-09 14:12:04,306 - root - INFO - Tracking person ID 1.0
2024-06-09 14:12:05,256 - root - INFO - Tracking person ID 1.0
2024-06-09 14:12:06,283 - root - INFO - Tracking person ID 1.0
2024-06-09 14:12:07,295 - root - INFO - Tracking person ID 1.0
2024-06-09 14:12:08,335 - root - INFO - Tracking person ID 1.0
2024-06-09 14:12:09,347 - root - INFO - Tracking person ID 1.0
2024-06-09 14:12:10,389 - root - INFO - Tracking person ID 1.0
2024-06-09 14:12:11,410 - root - INFO - Tracking person ID 1.0
2024-06-09 14:12:12,409 - root - INFO - Tracking person ID 1.0
2024-06-09 14:12:13,368 - root - INFO - Tracking person ID 1.0
2024-06-09 14:12:14,391 - root - INFO - Tracking person ID 1.0
2024-06-09 14:12:15,396 - root - INFO - Tracking person ID 1.0
2024-06-09 14:12:16,387 - root - INFO - Tracking person ID 1.0
2024-06-09 14:12:17,423 - root - INFO - Tracking person ID 1.0
2024-06-09 14:12:18,415 - root - INFO - Tracking person ID 1.0
2024-06-09 14:12:19,383 - root - INFO - Tracking person ID 1.0
2024-06-09 14:12:20,342 - root - INFO - Tracking person ID 1.0
2024-06-09 14:12:21,300 - root - INFO - Tracking person ID 1.0
2024-06-09 14:12:22,309 - root - INFO - Tracking person ID 1.0
2024-06-09 14:12:23,313 - root - INFO - Tracking person ID 1.0
2024-06-09 14:12:24,291 - root - INFO - Tracking person ID 1.0
2024-06-09 14:12:25,275 - root - INFO - Tracking person ID 1.0
2024-06-09 14:12:26,292 - root - INFO - Tracking person ID 1.0
2024-06-09 14:12:27,291 - root - INFO - Tracking person ID 1.0
2024-06-09 14:12:28,267 - root - INFO - Tracking person ID 1.0
2024-06-09 14:12:29,239 - root - INFO - Tracking person ID 1.0
2024-06-09 14:12:30,238 - root - INFO - Tracking person ID 1.0
2024-06-09 14:12:31,197 - root - INFO - Tracking person ID 1.0
2024-06-09 14:12:32,215 - root - INFO - Tracking person ID 1.0
2024-06-09 14:12:33,193 - root - INFO - Tracking person ID 1.0
2024-06-09 14:12:33,800 - root - INFO - Tracking person ID 1.0
2024-06-09 14:12:34,304 - root - INFO - Tracking person ID 1.0
2024-06-09 14:12:34,735 - root - INFO - Tracking person ID 1.0
2024-06-09 14:12:35,156 - root - INFO - Tracking person ID 1.0
2024-06-09 14:12:35,591 - root - INFO - Tracking person ID 1.0
2024-06-09 14:12:36,076 - root - INFO - Tracking person ID 1.0
2024-06-09 14:12:36,776 - root - INFO - Tracking person ID 1.0
2024-06-09 14:12:37,817 - root - INFO - Tracking person ID 1.0
2024-06-09 14:12:38,840 - root - INFO - Tracking person ID 1.0
2024-06-09 14:12:39,897 - root - INFO - Tracking person ID 1.0
2024-06-09 14:12:40,512 - root - INFO - Tracking person ID 1.0
2024-06-09 14:12:40,938 - root - INFO - Tracking person ID 1.0
2024-06-09 14:12:41,397 - root - INFO - Tracking person ID 1.0
2024-06-09 14:12:41,892 - root - INFO - Tracking person ID 1.0
2024-06-09 14:12:42,339 - root - INFO - Tracking person ID 1.0
2024-06-09 14:12:42,779 - root - INFO - Tracking person ID 1.0
2024-06-09 14:12:43,422 - root - INFO - Tracking person ID 1.0
2024-06-09 14:12:44,390 - root - INFO - Tracking person ID 1.0
2024-06-09 14:12:45,361 - root - INFO - Tracking person ID 1.0
2024-06-09 14:12:46,328 - root - INFO - Tracking person ID 1.0
2024-06-09 14:12:47,302 - root - INFO - Tracking person ID 1.0
2024-06-09 14:12:48,277 - root - INFO - Tracking person ID 1.0
2024-06-09 14:12:49,271 - root - INFO - Tracking person ID 1.0
2024-06-09 14:12:50,209 - root - INFO - Tracking person ID 1.0
2024-06-09 14:12:50,807 - root - INFO - Tracking person ID 1.0
2024-06-09 14:12:51,250 - root - INFO - Tracking person ID 1.0
2024-06-09 14:12:51,700 - root - INFO - Tracking person ID 1.0
2024-06-09 14:12:52,159 - root - INFO - Tracking person ID 1.0
2024-06-09 14:12:52,600 - root - INFO - Tracking person ID 1.0
2024-06-09 14:12:53,053 - root - INFO - Tracking person ID 1.0
2024-06-09 14:12:53,580 - root - INFO - Tracking person ID 1.0
2024-06-09 14:12:54,596 - root - INFO - Tracking person ID 1.0
2024-06-09 14:12:55,355 - root - INFO - Tracking person ID 1.0
2024-06-09 14:12:56,111 - root - INFO - Tracking person ID 1.0
2024-06-09 14:12:56,933 - root - INFO - Tracking person ID 1.0
2024-06-09 14:12:57,686 - root - INFO - Tracking person ID 1.0
2024-06-09 14:12:58,701 - root - INFO - Tracking person ID 1.0
2024-06-09 14:12:59,600 - root - INFO - Tracking person ID 1.0
2024-06-09 14:13:00,515 - root - INFO - Tracking person ID 1.0
2024-06-09 14:13:01,493 - root - INFO - Tracking person ID 1.0
2024-06-09 14:13:02,513 - root - INFO - Tracking person ID 1.0
2024-06-09 14:13:03,528 - root - INFO - Tracking person ID 1.0
2024-06-09 14:13:04,625 - root - INFO - Tracking person ID 1.0
2024-06-09 14:13:05,659 - root - INFO - Tracking person ID 1.0
2024-06-09 14:13:06,684 - root - INFO - Tracking person ID 1.0
2024-06-09 14:13:07,773 - root - INFO - Tracking person ID 1.0
2024-06-09 14:13:09,045 - root - INFO - Tracking person ID 1.0
2024-06-09 14:13:09,944 - root - INFO - Tracking person ID 1.0
2024-06-09 14:13:10,907 - root - INFO - Tracking person ID 1.0
2024-06-09 14:13:11,509 - root - INFO - Tracking person ID 1.0
2024-06-09 14:13:12,288 - root - INFO - Tracking person ID 1.0
2024-06-09 14:13:13,054 - root - INFO - Tracking person ID 1.0
2024-06-09 14:13:13,995 - root - INFO - Tracking person ID 1.0
2024-06-09 14:13:14,890 - root - INFO - Tracking person ID 1.0
2024-06-09 14:13:15,558 - root - INFO - Tracking person ID 1.0
2024-06-09 14:13:16,580 - root - INFO - Tracking person ID 1.0
2024-06-09 14:13:17,625 - root - INFO - Tracking person ID 1.0
2024-06-09 14:13:18,601 - root - INFO - Tracking person ID 1.0
2024-06-09 14:13:19,093 - root - INFO - Tracking person ID 1.0
2024-06-09 14:13:19,584 - root - INFO - Tracking person ID 1.0
2024-06-09 14:13:20,041 - root - INFO - Tracking person ID 1.0
2024-06-09 14:13:20,476 - root - INFO - Tracking person ID 1.0
2024-06-09 14:13:20,925 - root - INFO - Tracking person ID 1.0
2024-06-09 14:13:21,374 - root - INFO - Tracking person ID 1.0
2024-06-09 14:13:21,827 - root - INFO - Tracking person ID 1.0
2024-06-09 14:13:22,282 - root - INFO - Tracking person ID 1.0
2024-06-09 14:13:22,740 - root - INFO - Tracking person ID 1.0
2024-06-09 14:17:17,559 - root - INFO - Tracking person ID 1.0
2024-06-09 14:17:18,026 - root - INFO - Tracking person ID 1.0
2024-06-09 14:17:18,492 - root - INFO - Tracking person ID 1.0
2024-06-09 14:17:18,940 - root - INFO - Tracking person ID 1.0
2024-06-09 14:17:19,373 - root - INFO - Tracking person ID 1.0
2024-06-09 14:17:19,838 - root - INFO - Tracking person ID 1.0
2024-06-09 14:17:20,303 - root - INFO - Tracking person ID 1.0
2024-06-09 14:17:20,755 - root - INFO - Tracking person ID 1.0
2024-06-09 14:17:21,192 - root - INFO - Tracking person ID 1.0
2024-06-09 14:17:21,656 - root - INFO - Tracking person ID 1.0
2024-06-09 14:17:22,139 - root - INFO - Tracking person ID 1.0
2024-06-09 14:17:22,642 - root - INFO - Tracking person ID 1.0
2024-06-09 14:17:23,549 - root - INFO - Tracking person ID 1.0
2024-06-09 14:17:24,537 - root - INFO - Tracking person ID 1.0
2024-06-09 14:17:25,397 - root - INFO - Tracking person ID 1.0
2024-06-09 14:17:25,875 - root - INFO - Tracking person ID 1.0
2024-06-09 14:17:26,355 - root - INFO - Tracking person ID 1.0
2024-06-09 14:17:26,830 - root - INFO - Tracking person ID 1.0
2024-06-09 14:17:27,329 - root - INFO - Tracking person ID 1.0
2024-06-09 14:17:27,797 - root - INFO - Tracking person ID 1.0
2024-06-09 14:17:28,408 - root - INFO - Tracking person ID 1.0
2024-06-09 14:17:29,385 - root - INFO - Tracking person ID 1.0
2024-06-09 14:17:30,437 - root - INFO - Tracking person ID 1.0
2024-06-09 14:17:31,493 - root - INFO - Tracking person ID 1.0
2024-06-09 14:17:32,560 - root - INFO - Tracking person ID 1.0
2024-06-09 14:17:33,583 - root - INFO - Tracking person ID 1.0
2024-06-09 14:17:34,567 - root - INFO - Tracking person ID 1.0
2024-06-09 14:17:35,557 - root - INFO - Tracking person ID 1.0
2024-06-09 14:17:36,546 - root - INFO - Tracking person ID 1.0
2024-06-09 14:17:37,556 - root - INFO - Tracking person ID 1.0
2024-06-09 14:17:38,622 - root - INFO - Tracking person ID 1.0
2024-06-09 14:17:39,582 - root - INFO - Tracking person ID 1.0
2024-06-09 14:17:40,563 - root - INFO - Tracking person ID 1.0
2024-06-09 14:17:41,525 - root - INFO - Tracking person ID 1.0
2024-06-09 14:17:42,481 - root - INFO - Tracking person ID 1.0
2024-06-09 14:17:43,046 - root - INFO - Tracking person ID 1.0
2024-06-09 14:17:43,504 - root - INFO - Tracking person ID 1.0
2024-06-09 14:17:43,964 - root - INFO - Tracking person ID 1.0
2024-06-09 14:17:44,485 - root - INFO - Tracking person ID 1.0
2024-06-09 14:17:44,924 - root - INFO - Tracking person ID 1.0
2024-06-09 14:17:45,360 - root - INFO - Tracking person ID 1.0
2024-06-09 14:17:45,988 - root - INFO - Tracking person ID 1.0
2024-06-09 14:17:46,966 - root - INFO - Tracking person ID 1.0
2024-06-09 14:17:47,972 - root - INFO - Tracking person ID 1.0
2024-06-09 14:17:49,037 - root - INFO - Tracking person ID 1.0
2024-06-09 14:17:50,020 - root - INFO - Tracking person ID 1.0
2024-06-09 14:17:51,028 - root - INFO - Tracking person ID 1.0
2024-06-09 14:17:52,052 - root - INFO - Tracking person ID 1.0
2024-06-09 14:17:53,037 - root - INFO - Tracking person ID 1.0
2024-06-09 14:17:54,007 - root - INFO - Tracking person ID 1.0
2024-06-09 14:17:54,987 - root - INFO - Tracking person ID 1.0
2024-06-09 14:17:55,961 - root - INFO - Tracking person ID 1.0
2024-06-09 14:17:56,937 - root - INFO - Tracking person ID 1.0
2024-06-09 14:17:57,873 - root - INFO - Tracking person ID 1.0
2024-06-09 14:17:58,431 - root - INFO - Tracking person ID 1.0
2024-06-09 14:17:58,873 - root - INFO - Tracking person ID 1.0
2024-06-09 14:17:59,309 - root - INFO - Tracking person ID 1.0
2024-06-09 14:17:59,754 - root - INFO - Tracking person ID 1.0
2024-06-09 14:18:00,241 - root - INFO - Tracking person ID 1.0
2024-06-09 14:18:00,684 - root - INFO - Tracking person ID 1.0
2024-06-09 14:18:01,236 - root - INFO - Tracking person ID 1.0
2024-06-09 14:18:02,235 - root - INFO - Tracking person ID 1.0
2024-06-09 14:18:03,025 - root - INFO - Tracking person ID 1.0
2024-06-09 14:18:03,557 - root - INFO - Tracking person ID 1.0
2024-06-09 14:18:03,990 - root - INFO - Tracking person ID 1.0
2024-06-09 14:18:04,490 - root - INFO - Tracking person ID 1.0
2024-06-09 14:18:04,980 - root - INFO - Tracking person ID 1.0
2024-06-09 14:18:05,414 - root - INFO - Tracking person ID 1.0
2024-06-09 14:18:05,880 - root - INFO - Tracking person ID 1.0
2024-06-09 14:18:06,962 - root - INFO - Tracking person ID 1.0
2024-06-09 14:18:07,979 - root - INFO - Tracking person ID 1.0
2024-06-09 14:18:08,998 - root - INFO - Tracking person ID 1.0
2024-06-09 14:18:10,007 - root - INFO - Tracking person ID 1.0
2024-06-09 14:18:10,995 - root - INFO - Tracking person ID 1.0
2024-06-09 14:18:11,949 - root - INFO - Tracking person ID 1.0
2024-06-09 14:18:12,931 - root - INFO - Tracking person ID 1.0
2024-06-09 14:18:13,504 - root - INFO - Tracking person ID 1.0
2024-06-09 14:18:13,973 - root - INFO - Tracking person ID 1.0
2024-06-09 14:18:14,426 - root - INFO - Tracking person ID 1.0
2024-06-09 14:18:14,937 - root - INFO - Tracking person ID 1.0
2024-06-09 14:18:15,365 - root - INFO - Tracking person ID 1.0
2024-06-09 14:18:15,816 - root - INFO - Tracking person ID 1.0
2024-06-09 14:18:16,461 - root - INFO - Tracking person ID 1.0
2024-06-09 14:18:17,375 - root - INFO - Tracking person ID 1.0
2024-06-09 14:18:17,949 - root - INFO - Tracking person ID 1.0
2024-06-09 14:18:18,399 - root - INFO - Tracking person ID 1.0
2024-06-09 14:18:18,844 - root - INFO - Tracking person ID 1.0
2024-06-09 14:18:19,291 - root - INFO - Tracking person ID 1.0
2024-06-09 14:18:19,749 - root - INFO - Tracking person ID 1.0
2024-06-09 14:18:20,189 - root - INFO - Tracking person ID 1.0
2024-06-09 14:18:20,732 - root - INFO - Tracking person ID 1.0
2024-06-09 14:18:21,780 - root - INFO - Tracking person ID 1.0
2024-06-09 14:18:22,541 - root - INFO - Tracking person ID 1.0
2024-06-09 14:18:23,271 - root - INFO - Tracking person ID 1.0
2024-06-09 14:18:24,059 - root - INFO - Tracking person ID 1.0
2024-06-09 14:18:25,083 - root - INFO - Tracking person ID 1.0
2024-06-09 14:18:25,977 - root - INFO - Tracking person ID 1.0
2024-06-09 14:18:26,973 - root - INFO - Tracking person ID 1.0
2024-06-09 14:18:27,991 - root - INFO - Tracking person ID 1.0
2024-06-09 14:18:28,996 - root - INFO - Tracking person ID 1.0
2024-06-09 14:18:29,910 - root - INFO - Tracking person ID 1.0
2024-06-09 14:18:30,887 - root - INFO - Tracking person ID 1.0
2024-06-09 14:18:31,892 - root - INFO - Tracking person ID 1.0
2024-06-09 14:18:32,926 - root - INFO - Tracking person ID 1.0
2024-06-09 14:18:33,987 - root - INFO - Tracking person ID 1.0
2024-06-09 14:18:34,988 - root - INFO - Tracking person ID 1.0
2024-06-09 14:18:35,962 - root - INFO - Tracking person ID 1.0
2024-06-09 14:18:36,991 - root - INFO - Tracking person ID 1.0
2024-06-09 14:18:37,988 - root - INFO - Tracking person ID 1.0
2024-06-09 14:18:38,946 - root - INFO - Tracking person ID 1.0
2024-06-09 14:18:39,935 - root - INFO - Tracking person ID 1.0
2024-06-09 14:18:40,920 - root - INFO - Tracking person ID 1.0
2024-06-09 14:18:41,944 - root - INFO - Tracking person ID 1.0
2024-06-09 14:18:42,962 - root - INFO - Tracking person ID 1.0
2024-06-09 14:18:43,964 - root - INFO - Tracking person ID 1.0
2024-06-09 14:18:44,974 - root - INFO - Tracking person ID 1.0
2024-06-09 14:18:45,967 - root - INFO - Tracking person ID 1.0
2024-06-09 14:18:46,622 - root - INFO - Tracking person ID 1.0
2024-06-09 14:18:47,074 - root - INFO - Tracking person ID 1.0
2024-06-09 14:18:47,524 - root - INFO - Tracking person ID 1.0
2024-06-09 14:18:47,974 - root - INFO - Tracking person ID 1.0
2024-06-09 14:18:48,414 - root - INFO - Tracking person ID 1.0
2024-06-09 14:18:48,873 - root - INFO - Tracking person ID 1.0
2024-06-09 14:18:49,534 - root - INFO - Tracking person ID 1.0
2024-06-09 14:18:50,576 - root - INFO - Tracking person ID 1.0
2024-06-09 14:18:51,555 - root - INFO - Tracking person ID 1.0
2024-06-09 14:18:52,542 - root - INFO - Tracking person ID 1.0
2024-06-09 14:18:53,374 - root - INFO - Tracking person ID 1.0
2024-06-09 14:18:53,935 - root - INFO - Tracking person ID 1.0
2024-06-09 14:18:54,408 - root - INFO - Tracking person ID 1.0
2024-06-09 14:18:54,870 - root - INFO - Tracking person ID 1.0
2024-06-09 14:18:55,332 - root - INFO - Tracking person ID 1.0
2024-06-09 14:18:55,807 - root - INFO - Tracking person ID 1.0
2024-06-09 14:18:56,309 - root - INFO - Tracking person ID 1.0
2024-06-09 14:18:57,074 - root - INFO - Tracking person ID 1.0
2024-06-09 14:18:58,166 - root - INFO - Tracking person ID 1.0
2024-06-09 14:18:59,137 - root - INFO - Tracking person ID 1.0
2024-06-09 14:19:00,106 - root - INFO - Tracking person ID 1.0
2024-06-09 14:19:01,141 - root - INFO - Tracking person ID 1.0
2024-06-09 14:19:02,187 - root - INFO - Tracking person ID 1.0
2024-06-09 14:19:03,187 - root - INFO - Tracking person ID 1.0
2024-06-09 14:19:04,185 - root - INFO - Tracking person ID 1.0
2024-06-09 14:19:04,945 - root - INFO - Tracking person ID 1.0
2024-06-09 14:19:05,375 - root - INFO - Tracking person ID 1.0
2024-06-09 14:19:05,834 - root - INFO - Tracking person ID 1.0
2024-06-09 14:19:06,266 - root - INFO - Tracking person ID 1.0
2024-06-09 14:19:06,811 - root - INFO - Tracking person ID 1.0
2024-06-09 14:19:07,245 - root - INFO - Tracking person ID 1.0
2024-06-09 14:19:07,687 - root - INFO - Tracking person ID 1.0
2024-06-09 14:19:08,494 - root - INFO - Tracking person ID 1.0
2024-06-09 14:19:09,030 - root - INFO - Tracking person ID 1.0
2024-06-09 14:19:09,471 - root - INFO - Tracking person ID 1.0
2024-06-09 14:19:09,921 - root - INFO - Tracking person ID 1.0
2024-06-09 14:19:10,367 - root - INFO - Tracking person ID 1.0
2024-06-09 14:19:10,806 - root - INFO - Tracking person ID 1.0
2024-06-09 14:19:11,253 - root - INFO - Tracking person ID 1.0
2024-06-09 14:19:12,019 - root - INFO - Tracking person ID 1.0
2024-06-09 14:19:12,478 - root - INFO - Tracking person ID 1.0
2024-06-09 14:19:12,991 - root - INFO - Tracking person ID 1.0
2024-06-09 14:19:13,508 - root - INFO - Tracking person ID 1.0
2024-06-09 14:19:13,997 - root - INFO - Tracking person ID 1.0
2024-06-09 14:19:14,453 - root - INFO - Tracking person ID 1.0
2024-06-09 14:19:15,116 - root - INFO - Tracking person ID 1.0
2024-06-09 14:19:16,006 - root - INFO - Tracking person ID 1.0
2024-06-09 14:19:16,562 - root - INFO - Tracking person ID 1.0
2024-06-09 14:19:16,994 - root - INFO - Tracking person ID 1.0
2024-06-09 14:19:17,455 - root - INFO - Tracking person ID 1.0
2024-06-09 14:19:17,922 - root - INFO - Tracking person ID 1.0
2024-06-09 14:19:18,378 - root - INFO - Tracking person ID 1.0
2024-06-09 14:19:18,825 - root - INFO - Tracking person ID 1.0
2024-06-09 14:19:19,365 - root - INFO - Tracking person ID 1.0
2024-06-09 14:19:20,217 - root - INFO - Tracking person ID 1.0
2024-06-09 14:19:20,963 - root - INFO - Tracking person ID 1.0
2024-06-09 14:19:21,856 - root - INFO - Tracking person ID 1.0
2024-06-09 14:19:22,909 - root - INFO - Tracking person ID 1.0
2024-06-09 14:19:23,947 - root - INFO - Tracking person ID 1.0
2024-06-09 14:19:24,987 - root - INFO - Tracking person ID 1.0
2024-06-09 14:19:26,039 - root - INFO - Tracking person ID 1.0
2024-06-09 14:19:27,055 - root - INFO - Tracking person ID 1.0
2024-06-09 14:19:28,244 - root - INFO - Tracking person ID 1.0
2024-06-09 14:19:29,118 - root - INFO - Tracking person ID 1.0
2024-06-09 14:19:30,023 - root - INFO - Tracking person ID 1.0
2024-06-09 14:19:30,937 - root - INFO - Tracking person ID 1.0
2024-06-09 14:19:31,766 - root - INFO - Tracking person ID 1.0
2024-06-09 14:19:32,669 - root - INFO - Tracking person ID 1.0
2024-06-09 14:19:33,613 - root - INFO - Tracking person ID 1.0
2024-06-09 14:19:34,089 - root - INFO - Tracking person ID 1.0
2024-06-09 14:19:34,590 - root - INFO - Tracking person ID 1.0
2024-06-09 14:19:35,057 - root - INFO - Tracking person ID 1.0
2024-06-09 14:19:35,486 - root - INFO - Tracking person ID 1.0
2024-06-09 14:19:35,934 - root - INFO - Tracking person ID 1.0
2024-06-09 14:19:36,366 - root - INFO - Tracking person ID 1.0
2024-06-09 14:19:36,808 - root - INFO - Tracking person ID 1.0
2024-06-09 14:19:37,243 - root - INFO - Tracking person ID 1.0
2024-06-09 14:19:37,585 - root - INFO - Stopped tracking!
